This is pdfTeX, Version 3.1415926-2.5-1.40.14 (MiKTeX 2.9) (preloaded format=pdflatex 2015.3.20)  15 MAR 2017 08:04
entering extended mode
**C:/Users/Owner/PycharmProjects/hw3CS573/report/report.tex
(C:/Users/Owner/PycharmProjects/hw3CS573/report/report.tex
LaTeX2e <2011/06/27>
Babel <v3.8m> and hyphenation patterns for english, afrikaans, ancientgreek, ar
abic, armenian, assamese, basque, bengali, bokmal, bulgarian, catalan, coptic, 
croatian, czech, danish, dutch, esperanto, estonian, farsi, finnish, french, ga
lician, german, german-x-2013-05-26, greek, gujarati, hindi, hungarian, iceland
ic, indonesian, interlingua, irish, italian, kannada, kurmanji, latin, latvian,
 lithuanian, malayalam, marathi, mongolian, mongolianlmc, monogreek, ngerman, n
german-x-2013-05-26, nynorsk, oriya, panjabi, pinyin, polish, portuguese, roman
ian, russian, sanskrit, serbian, slovak, slovenian, spanish, swedish, swissgerm
an, tamil, telugu, turkish, turkmen, ukenglish, ukrainian, uppersorbian, usengl
ishmax, welsh, loaded.
("C:\Program Files (x86)\MiKTeX 2.9\tex\latex\base\article.cls"
Document Class: article 2007/10/19 v1.4h Standard LaTeX document class
("C:\Program Files (x86)\MiKTeX 2.9\tex\latex\base\size12.clo"
File: size12.clo 2007/10/19 v1.4h Standard LaTeX file (size option)
)
\c@part=\count79
\c@section=\count80
\c@subsection=\count81
\c@subsubsection=\count82
\c@paragraph=\count83
\c@subparagraph=\count84
\c@figure=\count85
\c@table=\count86
\abovecaptionskip=\skip41
\belowcaptionskip=\skip42
\bibindent=\dimen102
)
("C:\Program Files (x86)\MiKTeX 2.9\tex\latex\amsmath\amsmath.sty"
Package: amsmath 2013/01/14 v2.14 AMS math features
\@mathmargin=\skip43

For additional information on amsmath, use the `?' option.
("C:\Program Files (x86)\MiKTeX 2.9\tex\latex\amsmath\amstext.sty"
Package: amstext 2000/06/29 v2.01

("C:\Program Files (x86)\MiKTeX 2.9\tex\latex\amsmath\amsgen.sty"
File: amsgen.sty 1999/11/30 v2.0
\@emptytoks=\toks14
\ex@=\dimen103
))
("C:\Program Files (x86)\MiKTeX 2.9\tex\latex\amsmath\amsbsy.sty"
Package: amsbsy 1999/11/29 v1.2d
\pmbraise@=\dimen104
)
("C:\Program Files (x86)\MiKTeX 2.9\tex\latex\amsmath\amsopn.sty"
Package: amsopn 1999/12/14 v2.01 operator names
)
\inf@bad=\count87
LaTeX Info: Redefining \frac on input line 210.
\uproot@=\count88
\leftroot@=\count89
LaTeX Info: Redefining \overline on input line 306.
\classnum@=\count90
\DOTSCASE@=\count91
LaTeX Info: Redefining \ldots on input line 378.
LaTeX Info: Redefining \dots on input line 381.
LaTeX Info: Redefining \cdots on input line 466.
\Mathstrutbox@=\box26
\strutbox@=\box27
\big@size=\dimen105
LaTeX Font Info:    Redeclaring font encoding OML on input line 566.
LaTeX Font Info:    Redeclaring font encoding OMS on input line 567.
\macc@depth=\count92
\c@MaxMatrixCols=\count93
\dotsspace@=\muskip10
\c@parentequation=\count94
\dspbrk@lvl=\count95
\tag@help=\toks15
\row@=\count96
\column@=\count97
\maxfields@=\count98
\andhelp@=\toks16
\eqnshift@=\dimen106
\alignsep@=\dimen107
\tagshift@=\dimen108
\tagwidth@=\dimen109
\totwidth@=\dimen110
\lineht@=\dimen111
\@envbody=\toks17
\multlinegap=\skip44
\multlinetaggap=\skip45
\mathdisplay@stack=\toks18
LaTeX Info: Redefining \[ on input line 2665.
LaTeX Info: Redefining \] on input line 2666.
)
("C:\Program Files (x86)\MiKTeX 2.9\tex\latex\algorithm2e\algorithm2e.sty"
Package: algorithm2e 2013/01/06 v5.00 algorithms environments
\c@AlgoLine=\count99

("C:\Program Files (x86)\MiKTeX 2.9\tex\latex\base\ifthen.sty"
Package: ifthen 2001/05/26 v1.1c Standard LaTeX ifthen package (DPC)
)
\algocf@hangindent=\skip46

("C:\Program Files (x86)\MiKTeX 2.9\tex\latex\tools\xspace.sty"
Package: xspace 2009/10/20 v1.13 Space after command names (DPC,MH)
)
("C:\Program Files (x86)\MiKTeX 2.9\tex\latex\ltxmisc\relsize.sty"
Package: relsize 2003/07/04 ver 3.1
)
********************************************************
Package `algorithm2e' Release 5.1 -- october 19 2015 --
- algorithm2e-announce@lirmm.fr mailing list for announcement about releases
- algorithm2e-discussion@lirmm.fr mailing list for discussion about package
subscribe by emailing sympa@lirmm.fr with 'subscribe <list> <firstname name>'
- Author: Christophe Fiorio (christophe.fiorio@umontpellier.fr)
********************************************************
\skiptotal=\skip47
\skiplinenumber=\skip48
\skiprule=\skip49
\skiphlne=\skip50
\skiptext=\skip51
\skiplength=\skip52
\algomargin=\skip53
\skipalgocfslide=\skip54
\algowidth=\dimen112
\inoutsize=\dimen113
\inoutindent=\dimen114
\interspacetitleruled=\dimen115
\interspacealgoruled=\dimen116
\interspacetitleboxruled=\dimen117
\algocf@ruledwidth=\skip55
\algocf@inoutbox=\box28
\algocf@inputbox=\box29
\AlCapSkip=\skip56
\AlCapHSkip=\skip57
\algoskipindent=\skip58
\algocf@nlbox=\box30
\algocf@hangingbox=\box31
\algocf@untilbox=\box32
\algocf@skipuntil=\skip59
\algocf@capbox=\box33
\algoheightruledefault=\skip60
\algoheightrule=\skip61
\algotitleheightruledefault=\skip62
\algotitleheightrule=\skip63
\c@algocfline=\count100
\c@algocfproc=\count101
\c@algocf=\count102
\algocf@algoframe=\box34
\algocf@algobox=\box35
) ("C:\Program Files (x86)\MiKTeX 2.9\tex\latex\xcolor\xcolor.sty"
Package: xcolor 2007/01/21 v2.11 LaTeX color extensions (UK)

("C:\Program Files (x86)\MiKTeX 2.9\tex\latex\00miktex\color.cfg"
File: color.cfg 2007/01/18 v1.5 color configuration of teTeX/TeXLive
)
Package xcolor Info: Driver file: pdftex.def on input line 225.

("C:\Program Files (x86)\MiKTeX 2.9\tex\latex\pdftex-def\pdftex.def"
File: pdftex.def 2011/05/27 v0.06d Graphics/color for pdfTeX

("C:\Program Files (x86)\MiKTeX 2.9\tex\generic\oberdiek\infwarerr.sty"
Package: infwarerr 2010/04/08 v1.3 Providing info/warning/error messages (HO)
)
("C:\Program Files (x86)\MiKTeX 2.9\tex\generic\oberdiek\ltxcmds.sty"
Package: ltxcmds 2011/11/09 v1.22 LaTeX kernel commands for general use (HO)
)
\Gread@gobject=\count103
)
Package xcolor Info: Model `cmy' substituted by `cmy0' on input line 1337.
Package xcolor Info: Model `hsb' substituted by `rgb' on input line 1341.
Package xcolor Info: Model `RGB' extended on input line 1353.
Package xcolor Info: Model `HTML' substituted by `rgb' on input line 1355.
Package xcolor Info: Model `Hsb' substituted by `hsb' on input line 1356.
Package xcolor Info: Model `tHsb' substituted by `hsb' on input line 1357.
Package xcolor Info: Model `HSB' substituted by `hsb' on input line 1358.
Package xcolor Info: Model `Gray' substituted by `gray' on input line 1359.
Package xcolor Info: Model `wave' substituted by `hsb' on input line 1360.
)
("C:\Program Files (x86)\MiKTeX 2.9\tex\latex\graphics\graphicx.sty"
Package: graphicx 1999/02/16 v1.0f Enhanced LaTeX Graphics (DPC,SPQR)

("C:\Program Files (x86)\MiKTeX 2.9\tex\latex\graphics\keyval.sty"
Package: keyval 1999/03/16 v1.13 key=value parser (DPC)
\KV@toks@=\toks19
)
("C:\Program Files (x86)\MiKTeX 2.9\tex\latex\graphics\graphics.sty"
Package: graphics 2009/02/05 v1.0o Standard LaTeX Graphics (DPC,SPQR)

("C:\Program Files (x86)\MiKTeX 2.9\tex\latex\graphics\trig.sty"
Package: trig 1999/03/16 v1.09 sin cos tan (DPC)
)
("C:\Program Files (x86)\MiKTeX 2.9\tex\latex\00miktex\graphics.cfg"
File: graphics.cfg 2007/01/18 v1.5 graphics configuration of teTeX/TeXLive
)
Package graphics Info: Driver file: pdftex.def on input line 91.
)
\Gin@req@height=\dimen118
\Gin@req@width=\dimen119
)
(C:\Users\Owner\PycharmProjects\hw3CS573\report\report.aux)
LaTeX Font Info:    Checking defaults for OML/cmm/m/it on input line 22.
LaTeX Font Info:    ... okay on input line 22.
LaTeX Font Info:    Checking defaults for T1/cmr/m/n on input line 22.
LaTeX Font Info:    ... okay on input line 22.
LaTeX Font Info:    Checking defaults for OT1/cmr/m/n on input line 22.
LaTeX Font Info:    ... okay on input line 22.
LaTeX Font Info:    Checking defaults for OMS/cmsy/m/n on input line 22.
LaTeX Font Info:    ... okay on input line 22.
LaTeX Font Info:    Checking defaults for OMX/cmex/m/n on input line 22.
LaTeX Font Info:    ... okay on input line 22.
LaTeX Font Info:    Checking defaults for U/cmr/m/n on input line 22.
LaTeX Font Info:    ... okay on input line 22.

("C:\Program Files (x86)\MiKTeX 2.9\tex\context\base\supp-pdf.mkii"
[Loading MPS to PDF converter (version 2006.09.02).]
\scratchcounter=\count104
\scratchdimen=\dimen120
\scratchbox=\box36
\nofMPsegments=\count105
\nofMParguments=\count106
\everyMPshowfont=\toks20
\MPscratchCnt=\count107
\MPscratchDim=\dimen121
\MPnumerator=\count108
\makeMPintoPDFobject=\count109
\everyMPtoPDFconversion=\toks21
) [1

{C:/ProgramData/MiKTeX/2.9/pdftex/config/pdftex.map}]
Underfull \hbox (badness 10000) in paragraph at lines 40--48

 []


Underfull \hbox (badness 10000) in paragraph at lines 53--55

 []


Underfull \hbox (badness 10000) in paragraph at lines 62--63

 []


Underfull \hbox (badness 10000) in paragraph at lines 64--69

 []


Overfull \hbox (1.4309pt too wide) in paragraph at lines 70--256
\OT1/cmr/m/n/12 ZERO-ONE-LOSS-SVM 0.26 ZERO-ONE-LOSS-NBC 0.325 ZERO-ONE-LOSS-LR
 0.39 ZERO-ONE-
 []


Overfull \hbox (2.08653pt too wide) in paragraph at lines 70--256
\OT1/cmr/m/n/12 LOSS-LR 0.18 ZERO-ONE-LOSS-SVM 0.2 ZERO-ONE-LOSS-NBC 0.44 ZERO-
ONE-LOSS-LR 0.175
 []


Overfull \hbox (1.4309pt too wide) in paragraph at lines 70--256
\OT1/cmr/m/n/12 ZERO-ONE-LOSS-SVM 0.17 ZERO-ONE-LOSS-NBC 0.445 ZERO-ONE-LOSS-LR
 0.24 ZERO-ONE-
 []


Overfull \hbox (0.94756pt too wide) in paragraph at lines 70--256
\OT1/cmr/m/n/12 0.115 ZERO-ONE-LOSS-NBC 0.12 ZERO-ONE-LOSS-LR 0.12 ZERO-ONE-LOS
S-SVM 0.145 ZERO-
 []


Overfull \hbox (10.08218pt too wide) in paragraph at lines 70--256
\OT1/cmr/m/n/12 ONE-LOSS-NBC 0.385 ZERO-ONE-LOSS-LR 0.255 ZERO-ONE-LOSS-SVM 0.2
45 ZERO-ONE-LOSS-
 []


Overfull \hbox (4.20724pt too wide) in paragraph at lines 70--256
\OT1/cmr/m/n/12 ONE-LOSS-LR 0.115 ZERO-ONE-LOSS-SVM 0.115 ZERO-ONE-LOSS-NBC 0.3
9 ZERO-ONE-LOSS-
 []


Overfull \hbox (1.4309pt too wide) in paragraph at lines 70--256
\OT1/cmr/m/n/12 ZERO-ONE-LOSS-LR 0.08 ZERO-ONE-LOSS-SVM 0.075 ZERO-ONE-LOSS-NBC
 0.06 ZERO-ONE-
 []


Overfull \hbox (12.69743pt too wide) in paragraph at lines 70--256
\OT1/cmr/m/n/12 0.115 ZERO-ONE-LOSS-SVM 0.125 ZERO-ONE-LOSS-NBC 0.415 ZERO-ONE-
LOSS-LR 0.085 ZERO-
 []


Overfull \hbox (10.08218pt too wide) in paragraph at lines 70--256
\OT1/cmr/m/n/12 ONE-LOSS-SVM 0.085 ZERO-ONE-LOSS-NBC 0.075 ZERO-ONE-LOSS-LR 0.1
05 ZERO-ONE-LOSS-
 []


Overfull \hbox (6.1601pt too wide) in paragraph at lines 70--256
\OT1/cmr/m/n/12 SVM 0.105 ZERO-ONE-LOSS-NBC 0.2 ZERO-ONE-LOSS-LR 0.1 ZERO-ONE-L
OSS-SVM 0.1 ZERO-
 []


Overfull \hbox (10.08218pt too wide) in paragraph at lines 70--256
\OT1/cmr/m/n/12 ONE-LOSS-NBC 0.275 ZERO-ONE-LOSS-LR 0.075 ZERO-ONE-LOSS-SVM 0.0
95 ZERO-ONE-LOSS-
 []


Overfull \hbox (0.94756pt too wide) in paragraph at lines 70--256
\OT1/cmr/m/n/12 0.095 ZERO-ONE-LOSS-SVM 0.09 ZERO-ONE-LOSS-NBC 0.125 ZERO-ONE-L
OSS-LR 0.07 ZERO-
 []


Overfull \hbox (4.20724pt too wide) in paragraph at lines 70--256
\OT1/cmr/m/n/12 ONE-LOSS-SVM 0.075 ZERO-ONE-LOSS-NBC 0.12 ZERO-ONE-LOSS-LR 0.14
5 ZERO-ONE-LOSS-
 []


Overfull \hbox (10.08218pt too wide) in paragraph at lines 70--256
\OT1/cmr/m/n/12 ONE-LOSS-NBC 0.095 ZERO-ONE-LOSS-LR 0.115 ZERO-ONE-LOSS-SVM 0.1
15 ZERO-ONE-LOSS-
 []


Overfull \hbox (1.4309pt too wide) in paragraph at lines 70--256
\OT1/cmr/m/n/12 ZERO-ONE-LOSS-LR 0.055 ZERO-ONE-LOSS-SVM 0.06 ZERO-ONE-LOSS-NBC
 0.19 ZERO-ONE-
 []


Overfull \hbox (4.20724pt too wide) in paragraph at lines 70--256
\OT1/cmr/m/n/12 ONE-LOSS-SVM 0.08 ZERO-ONE-LOSS-NBC 0.115 ZERO-ONE-LOSS-LR 0.09
5 ZERO-ONE-LOSS-
 []


Overfull \hbox (1.4309pt too wide) in paragraph at lines 70--256
\OT1/cmr/m/n/12 ZERO-ONE-LOSS-NBC 0.065 ZERO-ONE-LOSS-LR 0.07 ZERO-ONE-LOSS-SVM
 0.06 ZERO-ONE-
 []


Underfull \hbox (badness 10000) in paragraph at lines 70--256

 []

[2] <AllModelsBinaryFeats.png, id=12, 462.528pt x 346.896pt>
File: AllModelsBinaryFeats.png Graphic file (type png)

<use AllModelsBinaryFeats.png>
Package pdftex.def Info: AllModelsBinaryFeats.png used on input line 260.
(pdftex.def)             Requested size: 462.52686pt x 346.89514pt.
 [3]
Underfull \hbox (badness 10000) in paragraph at lines 277--280

 []


Underfull \hbox (badness 10000) in paragraph at lines 281--286

 []


Underfull \hbox (badness 10000) in paragraph at lines 287--292

 []

[4 <C:/Users/Owner/PycharmProjects/hw3CS573/report/AllModelsBinaryFeats.png>]
Underfull \hbox (badness 10000) in paragraph at lines 293--298

 []


Underfull \hbox (badness 10000) in paragraph at lines 299--304

 []


Underfull \hbox (badness 10000) in paragraph at lines 305--310

 []


Underfull \hbox (badness 10000) in paragraph at lines 311--316

 []


Underfull \hbox (badness 10000) in paragraph at lines 329--337

 []


Underfull \hbox (badness 10000) in paragraph at lines 370--374

 []


Underfull \hbox (badness 10000) in paragraph at lines 375--378

 []

[5]
Overfull \hbox (6.8238pt too wide) in paragraph at lines 379--420
\OT1/cmr/m/n/12 ONE-LOSS-NBC 0.57 ZERO-ONE-LOSS-LR 0.41 ZERO-ONE-LOSS-LR-2val 0
.41 ZERO-ONE-LOSS-
 []


Overfull \hbox (9.43906pt too wide) in paragraph at lines 379--420
\OT1/cmr/m/n/12 0.35 ZERO-ONE-LOSS-NBC 0.38 ZERO-ONE-LOSS-LR 0.285 ZERO-ONE-LOS
S-LR-2val 0.27 ZERO-
 []


Overfull \hbox (7.80295pt too wide) in paragraph at lines 379--420
\OT1/cmr/m/n/12 ZERO-ONE-LOSS-LR-2val 0.255 ZERO-ONE-LOSS-SVM 0.245 ZERO-ONE-LO
SS-NBC 0.345 ZERO-
 []


Underfull \hbox (badness 10000) in paragraph at lines 379--420

 []


Underfull \hbox (badness 10000) in paragraph at lines 421--422

 []


Overfull \hbox (9.92654pt too wide) in paragraph at lines 423--463
[]\OT1/cmr/m/n/12 ZERO-ONE-LOSS-LR 0.16 ZERO-ONE-LOSS-LR-2val 0.165 ZERO-ONE-LO
SS-SVM 0.185 ZERO-
 []


Overfull \hbox (1.4309pt too wide) in paragraph at lines 423--463
\OT1/cmr/m/n/12 ZERO-ONE-LOSS-SVM 0.12 ZERO-ONE-LOSS-NBC 0.34 ZERO-ONE-LOSS-LR 
0.165 ZERO-ONE-
 []


Underfull \hbox (badness 10000) in paragraph at lines 423--463

 []


Underfull \hbox (badness 10000) in paragraph at lines 464--465

 []


Overfull \hbox (4.0516pt too wide) in paragraph at lines 466--506
[]\OT1/cmr/m/n/12 ZERO-ONE-LOSS-LR 0.11 ZERO-ONE-LOSS-LR-2val 0.15 ZERO-ONE-LOS
S-SVM 0.115 ZERO-
 []


Overfull \hbox (0.94756pt too wide) in paragraph at lines 466--506
\OT1/cmr/m/n/12 0.12 ZERO-ONE-LOSS-SVM 0.135 ZERO-ONE-LOSS-NBC 0.205 ZERO-ONE-L
OSS-LR 0.11 ZERO-
 []


Underfull \hbox (badness 10000) in paragraph at lines 466--506

 []

[6]
Underfull \hbox (badness 10000) in paragraph at lines 507--508

 []


Overfull \hbox (4.0516pt too wide) in paragraph at lines 509--549
[]\OT1/cmr/m/n/12 ZERO-ONE-LOSS-LR 0.085 ZERO-ONE-LOSS-LR-2val 0.085 ZERO-ONE-L
OSS-SVM 0.1 ZERO-
 []


Overfull \hbox (1.92801pt too wide) in paragraph at lines 509--549
\OT1/cmr/m/n/12 ZERO-ONE-LOSS-LR-2val 0.075 ZERO-ONE-LOSS-SVM 0.07 ZERO-ONE-LOS
S-NBC 0.065 ZERO-
 []


Overfull \hbox (6.8225pt too wide) in paragraph at lines 509--549
\OT1/cmr/m/n/12 0.095 ZERO-ONE-LOSS-SVM 0.115 ZERO-ONE-LOSS-NBC 0.37 ZERO-ONE-L
OSS-LR 0.095 ZERO-
 []


Underfull \hbox (badness 10000) in paragraph at lines 509--549

 []


Underfull \hbox (badness 10000) in paragraph at lines 550--551

 []


Overfull \hbox (1.92801pt too wide) in paragraph at lines 552--592
\OT1/cmr/m/n/12 ZERO-ONE-LOSS-LR-2val 0.085 ZERO-ONE-LOSS-SVM 0.11 ZERO-ONE-LOS
S-NBC 0.255 ZERO-
 []


Overfull \hbox (1.4309pt too wide) in paragraph at lines 552--592
\OT1/cmr/m/n/12 ZERO-ONE-LOSS-SVM 0.1 ZERO-ONE-LOSS-NBC 0.375 ZERO-ONE-LOSS-LR 
0.085 ZERO-ONE-
 []


Underfull \hbox (badness 10000) in paragraph at lines 552--592

 []


Underfull \hbox (badness 10000) in paragraph at lines 593--594

 []


Overfull \hbox (4.0516pt too wide) in paragraph at lines 595--635
[]\OT1/cmr/m/n/12 ZERO-ONE-LOSS-LR 0.05 ZERO-ONE-LOSS-LR-2val 0.06 ZERO-ONE-LOS
S-SVM 0.065 ZERO-
 []


Underfull \hbox (badness 10000) in paragraph at lines 595--635

 []

[7] <AllModelsThreeFeats.png, id=32, 462.528pt x 346.896pt>
File: AllModelsThreeFeats.png Graphic file (type png)

<use AllModelsThreeFeats.png>
Package pdftex.def Info: AllModelsThreeFeats.png used on input line 640.
(pdftex.def)             Requested size: 462.52686pt x 346.89514pt.

Underfull \hbox (badness 10000) in paragraph at lines 661--666

 []


Underfull \hbox (badness 10000) in paragraph at lines 667--672

 []

[8 <C:/Users/Owner/PycharmProjects/hw3CS573/report/AllModelsThreeFeats.png>]
Underfull \hbox (badness 10000) in paragraph at lines 673--678

 []


Underfull \hbox (badness 10000) in paragraph at lines 679--684

 []


Underfull \hbox (badness 10000) in paragraph at lines 685--690

 []


Underfull \hbox (badness 10000) in paragraph at lines 691--696

 []

[9] (C:\Users\Owner\PycharmProjects\hw3CS573\report\report.aux) )
(\end occurred inside a group at level 1)

### simple group (level 1) entered at line 1061 ({)
### bottom level 
Here is how much of TeX's memory you used:
 3167 strings out of 493921
 42795 string characters out of 3144876
 120871 words of memory out of 3000000
 6463 multiletter control sequences out of 15000+200000
 9926 words of font info for 36 fonts, out of 3000000 for 9000
 841 hyphenation exceptions out of 8191
 27i,7n,35p,353b,2405s stack positions out of 5000i,500n,10000p,200000b,50000s
<C:/Program Files (x86)/MiKTeX 2.9/fonts/type1/public/amsfonts/
cm/cmbx12.pfb><C:/Program Files (x86)/MiKTeX 2.9/fonts/type1/public/amsfonts/cm
/cmmi12.pfb><C:/Program Files (x86)/MiKTeX 2.9/fonts/type1/public/amsfonts/cm/c
mr10.pfb><C:/Program Files (x86)/MiKTeX 2.9/fonts/type1/public/amsfonts/cm/cmr1
2.pfb><C:/Program Files (x86)/MiKTeX 2.9/fonts/type1/public/amsfonts/cm/cmr17.p
fb>
Output written on report.pdf (9 pages, 139139 bytes).
PDF statistics:
 57 PDF objects out of 1000 (max. 8388607)
 0 named destinations out of 1000 (max. 500000)
 11 words of extra memory for PDF output out of 10000 (max. 10000000)

