This is pdfTeX, Version 3.1415926-2.5-1.40.14 (MiKTeX 2.9) (preloaded format=pdflatex 2015.3.20)  15 APR 2017 05:33
entering extended mode
**C:/Users/Owner/PycharmProjects/hw4CS573/report.tex
(C:/Users/Owner/PycharmProjects/hw4CS573/report.tex
LaTeX2e <2011/06/27>
Babel <v3.8m> and hyphenation patterns for english, afrikaans, ancientgreek, ar
abic, armenian, assamese, basque, bengali, bokmal, bulgarian, catalan, coptic, 
croatian, czech, danish, dutch, esperanto, estonian, farsi, finnish, french, ga
lician, german, german-x-2013-05-26, greek, gujarati, hindi, hungarian, iceland
ic, indonesian, interlingua, irish, italian, kannada, kurmanji, latin, latvian,
 lithuanian, malayalam, marathi, mongolian, mongolianlmc, monogreek, ngerman, n
german-x-2013-05-26, nynorsk, oriya, panjabi, pinyin, polish, portuguese, roman
ian, russian, sanskrit, serbian, slovak, slovenian, spanish, swedish, swissgerm
an, tamil, telugu, turkish, turkmen, ukenglish, ukrainian, uppersorbian, usengl
ishmax, welsh, loaded.
("C:\Program Files (x86)\MiKTeX 2.9\tex\latex\base\article.cls"
Document Class: article 2007/10/19 v1.4h Standard LaTeX document class
("C:\Program Files (x86)\MiKTeX 2.9\tex\latex\base\size12.clo"
File: size12.clo 2007/10/19 v1.4h Standard LaTeX file (size option)
)
\c@part=\count79
\c@section=\count80
\c@subsection=\count81
\c@subsubsection=\count82
\c@paragraph=\count83
\c@subparagraph=\count84
\c@figure=\count85
\c@table=\count86
\abovecaptionskip=\skip41
\belowcaptionskip=\skip42
\bibindent=\dimen102
)
("C:\Program Files (x86)\MiKTeX 2.9\tex\latex\amsmath\amsmath.sty"
Package: amsmath 2013/01/14 v2.14 AMS math features
\@mathmargin=\skip43

For additional information on amsmath, use the `?' option.
("C:\Program Files (x86)\MiKTeX 2.9\tex\latex\amsmath\amstext.sty"
Package: amstext 2000/06/29 v2.01

("C:\Program Files (x86)\MiKTeX 2.9\tex\latex\amsmath\amsgen.sty"
File: amsgen.sty 1999/11/30 v2.0
\@emptytoks=\toks14
\ex@=\dimen103
))
("C:\Program Files (x86)\MiKTeX 2.9\tex\latex\amsmath\amsbsy.sty"
Package: amsbsy 1999/11/29 v1.2d
\pmbraise@=\dimen104
)
("C:\Program Files (x86)\MiKTeX 2.9\tex\latex\amsmath\amsopn.sty"
Package: amsopn 1999/12/14 v2.01 operator names
)
\inf@bad=\count87
LaTeX Info: Redefining \frac on input line 210.
\uproot@=\count88
\leftroot@=\count89
LaTeX Info: Redefining \overline on input line 306.
\classnum@=\count90
\DOTSCASE@=\count91
LaTeX Info: Redefining \ldots on input line 378.
LaTeX Info: Redefining \dots on input line 381.
LaTeX Info: Redefining \cdots on input line 466.
\Mathstrutbox@=\box26
\strutbox@=\box27
\big@size=\dimen105
LaTeX Font Info:    Redeclaring font encoding OML on input line 566.
LaTeX Font Info:    Redeclaring font encoding OMS on input line 567.
\macc@depth=\count92
\c@MaxMatrixCols=\count93
\dotsspace@=\muskip10
\c@parentequation=\count94
\dspbrk@lvl=\count95
\tag@help=\toks15
\row@=\count96
\column@=\count97
\maxfields@=\count98
\andhelp@=\toks16
\eqnshift@=\dimen106
\alignsep@=\dimen107
\tagshift@=\dimen108
\tagwidth@=\dimen109
\totwidth@=\dimen110
\lineht@=\dimen111
\@envbody=\toks17
\multlinegap=\skip44
\multlinetaggap=\skip45
\mathdisplay@stack=\toks18
LaTeX Info: Redefining \[ on input line 2665.
LaTeX Info: Redefining \] on input line 2666.
)
("C:\Program Files (x86)\MiKTeX 2.9\tex\latex\algorithm2e\algorithm2e.sty"
Package: algorithm2e 2013/01/06 v5.00 algorithms environments
\c@AlgoLine=\count99

("C:\Program Files (x86)\MiKTeX 2.9\tex\latex\base\ifthen.sty"
Package: ifthen 2001/05/26 v1.1c Standard LaTeX ifthen package (DPC)
)
\algocf@hangindent=\skip46

("C:\Program Files (x86)\MiKTeX 2.9\tex\latex\tools\xspace.sty"
Package: xspace 2009/10/20 v1.13 Space after command names (DPC,MH)
)
("C:\Program Files (x86)\MiKTeX 2.9\tex\latex\ltxmisc\relsize.sty"
Package: relsize 2003/07/04 ver 3.1
)
********************************************************
Package `algorithm2e' Release 5.1 -- october 19 2015 --
- algorithm2e-announce@lirmm.fr mailing list for announcement about releases
- algorithm2e-discussion@lirmm.fr mailing list for discussion about package
subscribe by emailing sympa@lirmm.fr with 'subscribe <list> <firstname name>'
- Author: Christophe Fiorio (christophe.fiorio@umontpellier.fr)
********************************************************
\skiptotal=\skip47
\skiplinenumber=\skip48
\skiprule=\skip49
\skiphlne=\skip50
\skiptext=\skip51
\skiplength=\skip52
\algomargin=\skip53
\skipalgocfslide=\skip54
\algowidth=\dimen112
\inoutsize=\dimen113
\inoutindent=\dimen114
\interspacetitleruled=\dimen115
\interspacealgoruled=\dimen116
\interspacetitleboxruled=\dimen117
\algocf@ruledwidth=\skip55
\algocf@inoutbox=\box28
\algocf@inputbox=\box29
\AlCapSkip=\skip56
\AlCapHSkip=\skip57
\algoskipindent=\skip58
\algocf@nlbox=\box30
\algocf@hangingbox=\box31
\algocf@untilbox=\box32
\algocf@skipuntil=\skip59
\algocf@capbox=\box33
\algoheightruledefault=\skip60
\algoheightrule=\skip61
\algotitleheightruledefault=\skip62
\algotitleheightrule=\skip63
\c@algocfline=\count100
\c@algocfproc=\count101
\c@algocf=\count102
\algocf@algoframe=\box34
\algocf@algobox=\box35
) ("C:\Program Files (x86)\MiKTeX 2.9\tex\latex\xcolor\xcolor.sty"
Package: xcolor 2007/01/21 v2.11 LaTeX color extensions (UK)

("C:\Program Files (x86)\MiKTeX 2.9\tex\latex\00miktex\color.cfg"
File: color.cfg 2007/01/18 v1.5 color configuration of teTeX/TeXLive
)
Package xcolor Info: Driver file: pdftex.def on input line 225.

("C:\Program Files (x86)\MiKTeX 2.9\tex\latex\pdftex-def\pdftex.def"
File: pdftex.def 2011/05/27 v0.06d Graphics/color for pdfTeX

("C:\Program Files (x86)\MiKTeX 2.9\tex\generic\oberdiek\infwarerr.sty"
Package: infwarerr 2010/04/08 v1.3 Providing info/warning/error messages (HO)
)
("C:\Program Files (x86)\MiKTeX 2.9\tex\generic\oberdiek\ltxcmds.sty"
Package: ltxcmds 2011/11/09 v1.22 LaTeX kernel commands for general use (HO)
)
\Gread@gobject=\count103
)
Package xcolor Info: Model `cmy' substituted by `cmy0' on input line 1337.
Package xcolor Info: Model `hsb' substituted by `rgb' on input line 1341.
Package xcolor Info: Model `RGB' extended on input line 1353.
Package xcolor Info: Model `HTML' substituted by `rgb' on input line 1355.
Package xcolor Info: Model `Hsb' substituted by `hsb' on input line 1356.
Package xcolor Info: Model `tHsb' substituted by `hsb' on input line 1357.
Package xcolor Info: Model `HSB' substituted by `hsb' on input line 1358.
Package xcolor Info: Model `Gray' substituted by `gray' on input line 1359.
Package xcolor Info: Model `wave' substituted by `hsb' on input line 1360.
)
("C:\Program Files (x86)\MiKTeX 2.9\tex\latex\graphics\graphicx.sty"
Package: graphicx 1999/02/16 v1.0f Enhanced LaTeX Graphics (DPC,SPQR)

("C:\Program Files (x86)\MiKTeX 2.9\tex\latex\graphics\keyval.sty"
Package: keyval 1999/03/16 v1.13 key=value parser (DPC)
\KV@toks@=\toks19
)
("C:\Program Files (x86)\MiKTeX 2.9\tex\latex\graphics\graphics.sty"
Package: graphics 2009/02/05 v1.0o Standard LaTeX Graphics (DPC,SPQR)

("C:\Program Files (x86)\MiKTeX 2.9\tex\latex\graphics\trig.sty"
Package: trig 1999/03/16 v1.09 sin cos tan (DPC)
)
("C:\Program Files (x86)\MiKTeX 2.9\tex\latex\00miktex\graphics.cfg"
File: graphics.cfg 2007/01/18 v1.5 graphics configuration of teTeX/TeXLive
)
Package graphics Info: Driver file: pdftex.def on input line 91.
)
\Gin@req@height=\dimen118
\Gin@req@width=\dimen119
)
(C:\Users\Owner\PycharmProjects\hw4CS573\report.aux)
LaTeX Font Info:    Checking defaults for OML/cmm/m/it on input line 22.
LaTeX Font Info:    ... okay on input line 22.
LaTeX Font Info:    Checking defaults for T1/cmr/m/n on input line 22.
LaTeX Font Info:    ... okay on input line 22.
LaTeX Font Info:    Checking defaults for OT1/cmr/m/n on input line 22.
LaTeX Font Info:    ... okay on input line 22.
LaTeX Font Info:    Checking defaults for OMS/cmsy/m/n on input line 22.
LaTeX Font Info:    ... okay on input line 22.
LaTeX Font Info:    Checking defaults for OMX/cmex/m/n on input line 22.
LaTeX Font Info:    ... okay on input line 22.
LaTeX Font Info:    Checking defaults for U/cmr/m/n on input line 22.
LaTeX Font Info:    ... okay on input line 22.

("C:\Program Files (x86)\MiKTeX 2.9\tex\context\base\supp-pdf.mkii"
[Loading MPS to PDF converter (version 2006.09.02).]
\scratchcounter=\count104
\scratchdimen=\dimen120
\scratchbox=\box36
\nofMPsegments=\count105
\nofMParguments=\count106
\everyMPshowfont=\toks20
\MPscratchCnt=\count107
\MPscratchDim=\dimen121
\MPnumerator=\count108
\makeMPintoPDFobject=\count109
\everyMPtoPDFconversion=\toks21
) [1

{C:/ProgramData/MiKTeX/2.9/pdftex/config/pdftex.map}]
Underfull \hbox (badness 10000) in paragraph at lines 48--53

 []


Overfull \hbox (11.23367pt too wide) in paragraph at lines 54--258
\OT1/cmr/m/n/12 LOSS-DT 0.355 ZERO-ONE-LOSS-BT 0.4 ZERO-ONE-LOSS-RF 0.4 ZERO-ON
E-LOSS-BS 0.3 ZERO-
 []


Overfull \hbox (4.70178pt too wide) in paragraph at lines 54--258
\OT1/cmr/m/n/12 RF 0.28 ZERO-ONE-LOSS-BS 0.26 ZERO-ONE-LOSS-SVM 0.235 ZERO-ONE-
LOSS-DT 0.31 ZERO-
 []


Overfull \hbox (1.9309pt too wide) in paragraph at lines 54--258
\OT1/cmr/m/n/12 0.13 ZERO-ONE-LOSS-DT 0.39 ZERO-ONE-LOSS-BT 0.32 ZERO-ONE-LOSS-
RF 0.24 ZERO-ONE-
 []


Overfull \hbox (3.39755pt too wide) in paragraph at lines 54--258
\OT1/cmr/m/n/12 ZERO-ONE-LOSS-BT 0.44 ZERO-ONE-LOSS-RF 0.4 ZERO-ONE-LOSS-BS 0.2
4 ZERO-ONE-LOSS-
 []


Overfull \hbox (9.27249pt too wide) in paragraph at lines 54--258
\OT1/cmr/m/n/12 ZERO-ONE-LOSS-BT 0.26 ZERO-ONE-LOSS-RF 0.26 ZERO-ONE-LOSS-BS 0.
24 ZERO-ONE-LOSS-
 []


Overfull \hbox (6.00864pt too wide) in paragraph at lines 54--258
\OT1/cmr/m/n/12 ZERO-ONE-LOSS-DT 0.26 ZERO-ONE-LOSS-BT 0.24 ZERO-ONE-LOSS-RF 0.
3 ZERO-ONE-LOSS-
 []


Overfull \hbox (5.19344pt too wide) in paragraph at lines 54--258
\OT1/cmr/m/n/12 BS 0.16 ZERO-ONE-LOSS-SVM 0.08 ZERO-ONE-LOSS-DT 0.295 ZERO-ONE-
LOSS-BT 0.22 ZERO-
 []


Overfull \hbox (4.70178pt too wide) in paragraph at lines 54--258
\OT1/cmr/m/n/12 RF 0.16 ZERO-ONE-LOSS-BS 0.2 ZERO-ONE-LOSS-SVM 0.125 ZERO-ONE-L
OSS-DT 0.175 ZERO-
 []


Overfull \hbox (3.39755pt too wide) in paragraph at lines 54--258
\OT1/cmr/m/n/12 ZERO-ONE-LOSS-BT 0.1 ZERO-ONE-LOSS-RF 0.12 ZERO-ONE-LOSS-BS 0.0
6 ZERO-ONE-LOSS-
 []


Overfull \hbox (0.78516pt too wide) in paragraph at lines 54--258
\OT1/cmr/m/n/12 SVM 0.085 ZERO-ONE-LOSS-DT 0.22 ZERO-ONE-LOSS-BT 0.2 ZERO-ONE-L
OSS-RF 0.08 ZERO-
 []


Overfull \hbox (4.04901pt too wide) in paragraph at lines 54--258
\OT1/cmr/m/n/12 BT 0.08 ZERO-ONE-LOSS-RF 0.12 ZERO-ONE-LOSS-BS 0.02 ZERO-ONE-LO
SS-SVM 0.055 ZERO-
 []

[2] <Analysis1.png, id=12, 462.528pt x 346.896pt>
File: Analysis1.png Graphic file (type png)
 <use Analysis1.png>
Package pdftex.def Info: Analysis1.png used on input line 262.
(pdftex.def)             Requested size: 462.52686pt x 346.89514pt.
 [3]
Underfull \hbox (badness 10000) in paragraph at lines 281--284

 []


Underfull \hbox (badness 10000) in paragraph at lines 285--287

 []


Underfull \hbox (badness 10000) in paragraph at lines 288--290

 []


Underfull \hbox (badness 10000) in paragraph at lines 291--293

 []


Underfull \hbox (badness 10000) in paragraph at lines 294--296

 []

[4 <C:/Users/Owner/PycharmProjects/hw4CS573/Analysis1.png>]
Underfull \hbox (badness 10000) in paragraph at lines 313--321

 []


Overfull \hbox (9.13872pt too wide) in paragraph at lines 326--327
[]\OT1/cmr/m/n/12 [0.0024191940806805893, 0.0019235384061671347, 0.002039607805
4371138, 0.0022073740054644117] 
 []


Overfull \hbox (9.13872pt too wide) in paragraph at lines 332--333
[]\OT1/cmr/m/n/12 [0.0028965496715920476, 0.0043763569324267882, 0.003930966802
2001918, 0.0044724154547626724] 
 []


Overfull \hbox (9.13872pt too wide) in paragraph at lines 338--339
[]\OT1/cmr/m/n/12 [0.0045825756949558405, 0.0072553428588868225, 0.005079370039
6801174, 0.0055713553108736481] 
 []


Overfull \hbox (9.13872pt too wide) in paragraph at lines 344--345
[]\OT1/cmr/m/n/12 [0.0054990908339470077, 0.0067052218456960843, 0.009217374897
4423292, 0.0075392307299883051] 
 []


Overfull \hbox (9.13872pt too wide) in paragraph at lines 350--352
[]\OT1/cmr/m/n/12 [0.0069971422738143605, 0.0038157568056677834, 0.003104834939
2520046, 0.0033466401061363026] 
 []


Underfull \hbox (badness 10000) in paragraph at lines 350--352

 []


Overfull \hbox (2.7406pt too wide) in paragraph at lines 353--560
\OT1/cmr/m/n/12 0.14 ZERO-ONE-LOSS-RF 0.1 ZERO-ONE-LOSS-BS 0.08 ZERO-ONE-LOSS-S
VM 0.14 ZERO-ONE-
 []


Overfull \hbox (3.39755pt too wide) in paragraph at lines 353--560
\OT1/cmr/m/n/12 ZERO-ONE-LOSS-BT 0.26 ZERO-ONE-LOSS-RF 0.24 ZERO-ONE-LOSS-BS 0.
2 ZERO-ONE-LOSS-
 []


Overfull \hbox (6.6601pt too wide) in paragraph at lines 353--560
\OT1/cmr/m/n/12 SVM 0.17 ZERO-ONE-LOSS-DT 0.305 ZERO-ONE-LOSS-BT 0.18 ZERO-ONE-
LOSS-RF 0.18 ZERO-
 []


Overfull \hbox (12.53503pt too wide) in paragraph at lines 353--560
\OT1/cmr/m/n/12 SVM 0.105 ZERO-ONE-LOSS-DT 0.275 ZERO-ONE-LOSS-BT 0.16 ZERO-ONE
-LOSS-RF 0.26 ZERO-
 []


Overfull \hbox (0.1337pt too wide) in paragraph at lines 353--560
\OT1/cmr/m/n/12 ZERO-ONE-LOSS-DT 0.2 ZERO-ONE-LOSS-BT 0.26 ZERO-ONE-LOSS-RF 0.2
 ZERO-ONE-LOSS-
 []


Overfull \hbox (3.39755pt too wide) in paragraph at lines 353--560
\OT1/cmr/m/n/12 ZERO-ONE-LOSS-BT 0.18 ZERO-ONE-LOSS-RF 0.34 ZERO-ONE-LOSS-BS 0.
1 ZERO-ONE-LOSS-
 []


Overfull \hbox (9.27249pt too wide) in paragraph at lines 353--560
\OT1/cmr/m/n/12 ZERO-ONE-LOSS-BT 0.18 ZERO-ONE-LOSS-RF 0.22 ZERO-ONE-LOSS-BS 0.
06 ZERO-ONE-LOSS-
 []


Overfull \hbox (6.6601pt too wide) in paragraph at lines 353--560
\OT1/cmr/m/n/12 SVM 0.055 ZERO-ONE-LOSS-DT 0.27 ZERO-ONE-LOSS-BT 0.24 ZERO-ONE-
LOSS-RF 0.22 ZERO-
 []


Underfull \hbox (badness 10000) in paragraph at lines 353--560

 []

[5] <Analysis2.png, id=24, 462.528pt x 346.896pt>
File: Analysis2.png Graphic file (type png)
 <use Analysis2.png>
Package pdftex.def Info: Analysis2.png used on input line 564.
(pdftex.def)             Requested size: 462.52686pt x 346.89514pt.
 [6]
Underfull \hbox (badness 10000) in paragraph at lines 585--587

 []


Underfull \hbox (badness 10000) in paragraph at lines 588--590

 []


Underfull \hbox (badness 10000) in paragraph at lines 591--593

 []


Underfull \hbox (badness 10000) in paragraph at lines 594--596

 []

[7 <C:/Users/Owner/PycharmProjects/hw4CS573/Analysis2.png>]
Underfull \hbox (badness 10000) in paragraph at lines 607--616

 []


Overfull \hbox (3.26378pt too wide) in paragraph at lines 619--620
[]\OT1/cmr/m/n/12 [0.0015337861650177966, 0.001345362404707371, 0.0011789826122
551598, 0.0014317821063276352] 
 []


Underfull \hbox (badness 10000) in paragraph at lines 621--622

 []


Overfull \hbox (9.13872pt too wide) in paragraph at lines 625--626
[]\OT1/cmr/m/n/12 [0.0047457876058669126, 0.0048114446894877635, 0.004400000000
0000003, 0.0026781523481684165] 
 []


Underfull \hbox (badness 10000) in paragraph at lines 627--628

 []


Overfull \hbox (3.26378pt too wide) in paragraph at lines 631--632
[]\OT1/cmr/m/n/12 [0.0070682388188289171, 0.0080000000000000002, 0.008002499609
497022, 0.0060959002616512688] 
 []


Underfull \hbox (badness 10000) in paragraph at lines 633--634

 []


Overfull \hbox (9.13872pt too wide) in paragraph at lines 637--638
[]\OT1/cmr/m/n/12 [0.0071582120672693123, 0.0089643739324059887, 0.007269112738
1544996, 0.0047707441767506258] 
 []


Underfull \hbox (badness 10000) in paragraph at lines 639--640

 []


Overfull \hbox (9.13872pt too wide) in paragraph at lines 643--644
[]\OT1/cmr/m/n/12 [0.0044766058571198784, 0.0036276714294434112, 0.004512205669
0713921, 0.0070682388188289163] 
 []


Overfull \hbox (22.53317pt too wide) in paragraph at lines 646--853
\OT1/cmr/m/n/12 ======================================= ZERO-ONE-LOSS-DT 0.33 Z
ERO-
 []


Overfull \hbox (4.70178pt too wide) in paragraph at lines 646--853
\OT1/cmr/m/n/12 RF 0.42 ZERO-ONE-LOSS-BS 0.16 ZERO-ONE-LOSS-SVM 0.075 ZERO-ONE-
LOSS-DT 0.24 ZERO-
 []


Overfull \hbox (312.16107pt too wide) in paragraph at lines 646--853
\OT1/cmr/m/n/12 BT 0.14 ZERO-ONE-LOSS-RF 0.16 ZERO-ONE-LOSS-BS 0.0 ZERO-ONE-LOS
S-SVM 0.06 =======================================
 []


Overfull \hbox (6.00864pt too wide) in paragraph at lines 646--853
\OT1/cmr/m/n/12 ZERO-ONE-LOSS-DT 0.26 ZERO-ONE-LOSS-BT 0.2 ZERO-ONE-LOSS-RF 0.1
2 ZERO-ONE-LOSS-
 []


Overfull \hbox (5.19344pt too wide) in paragraph at lines 646--853
\OT1/cmr/m/n/12 BS 0.12 ZERO-ONE-LOSS-SVM 0.085 ZERO-ONE-LOSS-DT 0.195 ZERO-ONE
-LOSS-BT 0.2 ZERO-
 []


Overfull \hbox (1.9309pt too wide) in paragraph at lines 646--853
\OT1/cmr/m/n/12 0.06 ZERO-ONE-LOSS-DT 0.24 ZERO-ONE-LOSS-BT 0.12 ZERO-ONE-LOSS-
RF 0.26 ZERO-ONE-
 []


Overfull \hbox (9.27249pt too wide) in paragraph at lines 646--853
\OT1/cmr/m/n/12 ZERO-ONE-LOSS-BT 0.24 ZERO-ONE-LOSS-RF 0.34 ZERO-ONE-LOSS-BS 0.
08 ZERO-ONE-LOSS-
 []


Overfull \hbox (0.50005pt too wide) in paragraph at lines 646--853
\OT1/cmr/m/n/12 SVM 0.075 ======================================= ZERO-ONE-LOSS
-
 []


Overfull \hbox (4.04901pt too wide) in paragraph at lines 646--853
\OT1/cmr/m/n/12 BT 0.02 ZERO-ONE-LOSS-RF 0.02 ZERO-ONE-LOSS-BS 0.08 ZERO-ONE-LO
SS-SVM 0.065 ZERO-
 []


Overfull \hbox (4.70178pt too wide) in paragraph at lines 646--853
\OT1/cmr/m/n/12 RF 0.18 ZERO-ONE-LOSS-BS 0.14 ZERO-ONE-LOSS-SVM 0.065 ZERO-ONE-
LOSS-DT 0.12 ZERO-
 []


Overfull \hbox (12.74576pt too wide) in paragraph at lines 646--853
\OT1/cmr/m/n/12 0.045 ======================================= ZERO-ONE-LOSS-DT 
0.25
 []


Overfull \hbox (9.27249pt too wide) in paragraph at lines 646--853
\OT1/cmr/m/n/12 ZERO-ONE-LOSS-BT 0.16 ZERO-ONE-LOSS-RF 0.14 ZERO-ONE-LOSS-BS 0.
04 ZERO-ONE-LOSS-
 []


Overfull \hbox (6.6601pt too wide) in paragraph at lines 646--853
\OT1/cmr/m/n/12 SVM 0.075 ZERO-ONE-LOSS-DT 0.21 ZERO-ONE-LOSS-BT 0.12 ZERO-ONE-
LOSS-RF 0.04 ZERO-
 []

[8] <Analysis3.png, id=36, 462.528pt x 346.896pt>
File: Analysis3.png Graphic file (type png)
 <use Analysis3.png>
Package pdftex.def Info: Analysis3.png used on input line 856.
(pdftex.def)             Requested size: 462.52686pt x 346.89514pt.
 [9]
Underfull \hbox (badness 10000) in paragraph at lines 875--877

 []


Underfull \hbox (badness 10000) in paragraph at lines 878--880

 []


Underfull \hbox (badness 10000) in paragraph at lines 881--883

 []


Underfull \hbox (badness 10000) in paragraph at lines 884--886

 []

[10 <C:/Users/Owner/PycharmProjects/hw4CS573/Analysis3.png>]
Overfull \hbox (9.13872pt too wide) in paragraph at lines 909--910
[]\OT1/cmr/m/n/12 [0.0017811513130556876, 0.0023537204591879642, 0.001141271221
0513327, 0.0015402921800749363] 
 []


Overfull \hbox (9.13872pt too wide) in paragraph at lines 915--916
[]\OT1/cmr/m/n/12 [0.0041173413752080366, 0.0031064449134018133, 0.001519868415
3570658, 0.0033335416601566565] 
 []


Overfull \hbox (3.26378pt too wide) in paragraph at lines 921--922
[]\OT1/cmr/m/n/12 [0.017464249196572978, 0.0047497368348151676, 0.0067793805026
713184, 0.0044732538492690075] 
 []


Overfull \hbox (3.26378pt too wide) in paragraph at lines 927--928
[]\OT1/cmr/m/n/12 [0.015362291495737219, 0.0086162636914152053, 0.0042000000000
000006, 0.0059126981996377934] 
 []


Overfull \hbox (3.26378pt too wide) in paragraph at lines 933--934
[]\OT1/cmr/m/n/12 [0.010198039027185571, 0.0064000000000000003, 0.0041761226035
642203, 0.0026758176320519299] 
 []


Underfull \hbox (badness 10000) in paragraph at lines 936--939

 []


Overfull \hbox (6.87082pt too wide) in paragraph at lines 940--1144
[]\OT1/cmr/m/n/12 ======================================= ZERO-ONE-LOSS-DT 0.31
5
 []


Overfull \hbox (0.78516pt too wide) in paragraph at lines 940--1144
\OT1/cmr/m/n/12 SVM 0.065 ZERO-ONE-LOSS-DT 0.235 ZERO-ONE-LOSS-BT 0.2 ZERO-ONE-
LOSS-RF 0.4 ZERO-
 []


Overfull \hbox (11.23367pt too wide) in paragraph at lines 940--1144
\OT1/cmr/m/n/12 LOSS-DT 0.205 ZERO-ONE-LOSS-BT 0.3 ZERO-ONE-LOSS-RF 0.3 ZERO-ON
E-LOSS-BS 0.1 ZERO-
 []


Overfull \hbox (6.81834pt too wide) in paragraph at lines 940--1144
\OT1/cmr/m/n/12 ZERO-ONE-LOSS-RF 0.4 ZERO-ONE-LOSS-BS 0.0 ZERO-ONE-LOSS-SVM 0.0
8 ZERO-ONE-LOSS-
 []


Overfull \hbox (169.38326pt too wide) in paragraph at lines 940--1144
\OT1/cmr/m/n/12 RF 0.4 ZERO-ONE-LOSS-BS 0.2 ZERO-ONE-LOSS-SVM 0.075 ===========
============================
 []


Overfull \hbox (1.9309pt too wide) in paragraph at lines 940--1144
\OT1/cmr/m/n/12 0.075 ZERO-ONE-LOSS-DT 0.25 ZERO-ONE-LOSS-BT 0.2 ZERO-ONE-LOSS-
RF 0.12 ZERO-ONE-
 []


Overfull \hbox (31.17613pt too wide) in paragraph at lines 940--1144
\OT1/cmr/m/n/12 ZERO-ONE-LOSS-SVM 0.06 ======================================= 
ZERO-
 []


Overfull \hbox (4.70178pt too wide) in paragraph at lines 940--1144
\OT1/cmr/m/n/12 RF 0.28 ZERO-ONE-LOSS-BS 0.12 ZERO-ONE-LOSS-SVM 0.09 ZERO-ONE-L
OSS-DT 0.255 ZERO-
 []


Overfull \hbox (1.9309pt too wide) in paragraph at lines 940--1144
\OT1/cmr/m/n/12 0.1 ZERO-ONE-LOSS-DT 0.185 ZERO-ONE-LOSS-BT 0.16 ZERO-ONE-LOSS-
RF 0.19 ZERO-ONE-
 []


Overfull \hbox (9.27249pt too wide) in paragraph at lines 940--1144
\OT1/cmr/m/n/12 ZERO-ONE-LOSS-BT 0.13 ZERO-ONE-LOSS-RF 0.07 ZERO-ONE-LOSS-BS 0.
06 ZERO-ONE-LOSS-
 []

[11] <Analysis4.png, id=47, 462.528pt x 346.896pt>
File: Analysis4.png Graphic file (type png)
 <use Analysis4.png>
Package pdftex.def Info: Analysis4.png used on input line 1147.
(pdftex.def)             Requested size: 462.52686pt x 346.89514pt.
 [12]
Underfull \hbox (badness 10000) in paragraph at lines 1166--1168

 []


Underfull \hbox (badness 10000) in paragraph at lines 1169--1171

 []


Underfull \hbox (badness 10000) in paragraph at lines 1172--1174

 []


Underfull \hbox (badness 10000) in paragraph at lines 1175--1177

 []

[13 <C:/Users/Owner/PycharmProjects/hw4CS573/Analysis4.png>]
Underfull \hbox (badness 10000) in paragraph at lines 1203--1205

 []


Underfull \hbox (badness 10000) in paragraph at lines 1224--1226

 []


Underfull \hbox (badness 10000) in paragraph at lines 1227--1229

 []


Underfull \hbox (badness 10000) in paragraph at lines 1230--1232

 []


Underfull \hbox (badness 10000) in paragraph at lines 1233--1235

 []

[14] [15] (C:\Users\Owner\PycharmProjects\hw4CS573\report.aux) )
(\end occurred inside a group at level 1)

### simple group (level 1) entered at line 1061 ({)
### bottom level 
Here is how much of TeX's memory you used:
 3177 strings out of 493921
 42809 string characters out of 3144876
 120841 words of memory out of 3000000
 6471 multiletter control sequences out of 15000+200000
 9926 words of font info for 36 fonts, out of 3000000 for 9000
 841 hyphenation exceptions out of 8191
 27i,7n,35p,346b,2405s stack positions out of 5000i,500n,10000p,200000b,50000s
<C:/Program Files (x86)/MiKTeX 2.9/fonts/type1/public/amsfonts/
cm/cmbx12.pfb><C:/Program Files (x86)/MiKTeX 2.9/fonts/type1/public/amsfonts/cm
/cmmi12.pfb><C:/Program Files (x86)/MiKTeX 2.9/fonts/type1/public/amsfonts/cm/c
mr10.pfb><C:/Program Files (x86)/MiKTeX 2.9/fonts/type1/public/amsfonts/cm/cmr1
2.pfb><C:/Program Files (x86)/MiKTeX 2.9/fonts/type1/public/amsfonts/cm/cmr17.p
fb><C:/Program Files (x86)/MiKTeX 2.9/fonts/type1/public/amsfonts/cm/cmr8.pfb><
C:/Program Files (x86)/MiKTeX 2.9/fonts/type1/public/amsfonts/cm/cmsy10.pfb><C:
/Program Files (x86)/MiKTeX 2.9/fonts/type1/public/amsfonts/cm/cmsy8.pfb>
Output written on report.pdf (15 pages, 236833 bytes).
PDF statistics:
 92 PDF objects out of 1000 (max. 8388607)
 0 named destinations out of 1000 (max. 500000)
 21 words of extra memory for PDF output out of 10000 (max. 10000000)

